<?xml version="1.0" encoding="UTF-8"?>
<testsuite xmlns:xsi="http://www.w3.org/2001/XMLSchema-instance" xsi:noNamespaceSchemaLocation="https://maven.apache.org/surefire/maven-surefire-plugin/xsd/surefire-test-report.xsd" name="com.orangefunction.tomcat.redissessions.AppTest" time="0.056" tests="1" errors="0" skipped="0" failures="0">
  <properties>
    <property name="sun.desktop" value="windows"/>
    <property name="awt.toolkit" value="sun.awt.windows.WToolkit"/>
    <property name="file.encoding.pkg" value="sun.io"/>
    <property name="java.specification.version" value="1.8"/>
    <property name="sun.cpu.isalist" value="pentium_pro+mmx pentium_pro pentium+mmx pentium i486 i386 i86"/>
    <property name="sun.jnu.encoding" value="GBK"/>
    <property name="java.class.path" value="C:\files\04.study\tomcat\demo2\tomcat-redis-session-manager\target\test-classes;C:\files\04.study\tomcat\demo2\tomcat-redis-session-manager\target\classes;C:\Users\92039\.m2\repository\org\apache\tomcat\tomcat-coyote\8.5.34\tomcat-coyote-8.5.34.jar;C:\Users\92039\.m2\repository\org\apache\tomcat\tomcat-servlet-api\8.5.34\tomcat-servlet-api-8.5.34.jar;C:\Users\92039\.m2\repository\org\apache\tomcat\tomcat-jni\8.5.34\tomcat-jni-8.5.34.jar;C:\Users\92039\.m2\repository\org\apache\tomcat\tomcat-juli\8.5.34\tomcat-juli-8.5.34.jar;C:\Users\92039\.m2\repository\org\apache\tomcat\tomcat-util\8.5.34\tomcat-util-8.5.34.jar;C:\Users\92039\.m2\repository\javax\servlet\javax.servlet-api\3.1.0\javax.servlet-api-3.1.0.jar;C:\Users\92039\.m2\repository\org\apache\tomcat\tomcat-catalina\8.5.34\tomcat-catalina-8.5.34.jar;C:\Users\92039\.m2\repository\org\apache\tomcat\tomcat-jsp-api\8.5.34\tomcat-jsp-api-8.5.34.jar;C:\Users\92039\.m2\repository\org\apache\tomcat\tomcat-el-api\8.5.34\tomcat-el-api-8.5.34.jar;C:\Users\92039\.m2\repository\org\apache\tomcat\tomcat-annotations-api\8.5.34\tomcat-annotations-api-8.5.34.jar;C:\Users\92039\.m2\repository\org\apache\tomcat\tomcat-api\8.5.34\tomcat-api-8.5.34.jar;C:\Users\92039\.m2\repository\org\apache\tomcat\tomcat-util-scan\8.5.34\tomcat-util-scan-8.5.34.jar;C:\Users\92039\.m2\repository\org\apache\tomcat\tomcat-jaspic-api\8.5.34\tomcat-jaspic-api-8.5.34.jar;C:\Users\92039\.m2\repository\redis\clients\jedis\2.5.2\jedis-2.5.2.jar;C:\Users\92039\.m2\repository\org\apache\commons\commons-pool2\2.2\commons-pool2-2.2.jar;C:\Users\92039\.m2\repository\junit\junit\4.11\junit-4.11.jar;C:\Users\92039\.m2\repository\org\hamcrest\hamcrest-core\1.3\hamcrest-core-1.3.jar;"/>
    <property name="java.vm.vendor" value="Oracle Corporation"/>
    <property name="sun.arch.data.model" value="32"/>
    <property name="user.variant" value=""/>
    <property name="java.vendor.url" value="https://www.jetbrains.com/"/>
    <property name="user.timezone" value=""/>
    <property name="java.vm.specification.version" value="1.8"/>
    <property name="os.name" value="Windows 10"/>
    <property name="user.country" value="CN"/>
    <property name="sun.java.launcher" value="SUN_STANDARD"/>
    <property name="sun.boot.library.path" value="C:\Program Files (x86)\JetBrains\IntelliJ IDEA 2016.2\jre\jre\bin"/>
    <property name="sun.java.command" value="C:\Users\92039\AppData\Local\Temp\surefire5229628816209557193\surefirebooter8980148616833300894.jar C:\Users\92039\AppData\Local\Temp\surefire5229628816209557193 2018-10-13T16-10-42_756-jvmRun1 surefire724448059671208539tmp surefire_03982996874898691676tmp"/>
    <property name="surefire.test.class.path" value="C:\files\04.study\tomcat\demo2\tomcat-redis-session-manager\target\test-classes;C:\files\04.study\tomcat\demo2\tomcat-redis-session-manager\target\classes;C:\Users\92039\.m2\repository\org\apache\tomcat\tomcat-coyote\8.5.34\tomcat-coyote-8.5.34.jar;C:\Users\92039\.m2\repository\org\apache\tomcat\tomcat-servlet-api\8.5.34\tomcat-servlet-api-8.5.34.jar;C:\Users\92039\.m2\repository\org\apache\tomcat\tomcat-jni\8.5.34\tomcat-jni-8.5.34.jar;C:\Users\92039\.m2\repository\org\apache\tomcat\tomcat-juli\8.5.34\tomcat-juli-8.5.34.jar;C:\Users\92039\.m2\repository\org\apache\tomcat\tomcat-util\8.5.34\tomcat-util-8.5.34.jar;C:\Users\92039\.m2\repository\javax\servlet\javax.servlet-api\3.1.0\javax.servlet-api-3.1.0.jar;C:\Users\92039\.m2\repository\org\apache\tomcat\tomcat-catalina\8.5.34\tomcat-catalina-8.5.34.jar;C:\Users\92039\.m2\repository\org\apache\tomcat\tomcat-jsp-api\8.5.34\tomcat-jsp-api-8.5.34.jar;C:\Users\92039\.m2\repository\org\apache\tomcat\tomcat-el-api\8.5.34\tomcat-el-api-8.5.34.jar;C:\Users\92039\.m2\repository\org\apache\tomcat\tomcat-annotations-api\8.5.34\tomcat-annotations-api-8.5.34.jar;C:\Users\92039\.m2\repository\org\apache\tomcat\tomcat-api\8.5.34\tomcat-api-8.5.34.jar;C:\Users\92039\.m2\repository\org\apache\tomcat\tomcat-util-scan\8.5.34\tomcat-util-scan-8.5.34.jar;C:\Users\92039\.m2\repository\org\apache\tomcat\tomcat-jaspic-api\8.5.34\tomcat-jaspic-api-8.5.34.jar;C:\Users\92039\.m2\repository\redis\clients\jedis\2.5.2\jedis-2.5.2.jar;C:\Users\92039\.m2\repository\org\apache\commons\commons-pool2\2.2\commons-pool2-2.2.jar;C:\Users\92039\.m2\repository\junit\junit\4.11\junit-4.11.jar;C:\Users\92039\.m2\repository\org\hamcrest\hamcrest-core\1.3\hamcrest-core-1.3.jar;"/>
    <property name="sun.cpu.endian" value="little"/>
    <property name="user.home" value="C:\Users\92039"/>
    <property name="user.language" value="zh"/>
    <property name="java.specification.vendor" value="Oracle Corporation"/>
    <property name="java.home" value="C:\Program Files (x86)\JetBrains\IntelliJ IDEA 2016.2\jre\jre"/>
    <property name="basedir" value="C:\files\04.study\tomcat\demo2\tomcat-redis-session-manager"/>
    <property name="file.separator" value="\"/>
    <property name="line.separator" value="&#10;"/>
    <property name="java.vm.specification.vendor" value="Oracle Corporation"/>
    <property name="java.specification.name" value="Java Platform API Specification"/>
    <property name="java.awt.graphicsenv" value="sun.awt.Win32GraphicsEnvironment"/>
    <property name="surefire.real.class.path" value="C:\Users\92039\AppData\Local\Temp\surefire5229628816209557193\surefirebooter8980148616833300894.jar"/>
    <property name="sun.boot.class.path" value="C:\Program Files (x86)\JetBrains\IntelliJ IDEA 2016.2\jre\jre\lib\resources.jar;C:\Program Files (x86)\JetBrains\IntelliJ IDEA 2016.2\jre\jre\lib\rt.jar;C:\Program Files (x86)\JetBrains\IntelliJ IDEA 2016.2\jre\jre\lib\sunrsasign.jar;C:\Program Files (x86)\JetBrains\IntelliJ IDEA 2016.2\jre\jre\lib\jsse.jar;C:\Program Files (x86)\JetBrains\IntelliJ IDEA 2016.2\jre\jre\lib\jce.jar;C:\Program Files (x86)\JetBrains\IntelliJ IDEA 2016.2\jre\jre\lib\charsets.jar;C:\Program Files (x86)\JetBrains\IntelliJ IDEA 2016.2\jre\jre\lib\jfr.jar;C:\Program Files (x86)\JetBrains\IntelliJ IDEA 2016.2\jre\jre\classes"/>
    <property name="user.script" value=""/>
    <property name="sun.management.compiler" value="HotSpot Tiered Compilers"/>
    <property name="java.runtime.version" value="1.8.0_76-release-b216"/>
    <property name="user.name" value="92039"/>
    <property name="path.separator" value=";"/>
    <property name="os.version" value="10.0"/>
    <property name="java.endorsed.dirs" value="C:\Program Files (x86)\JetBrains\IntelliJ IDEA 2016.2\jre\jre\lib\endorsed"/>
    <property name="java.runtime.name" value="OpenJDK Runtime Environment"/>
    <property name="file.encoding" value="GBK"/>
    <property name="java.vm.name" value="OpenJDK Server VM"/>
    <property name="localRepository" value="C:\Users\92039\.m2\repository"/>
    <property name="java.vendor.url.bug" value="https://youtrack.jetbrains.com"/>
    <property name="java.io.tmpdir" value="C:\Users\92039\AppData\Local\Temp\"/>
    <property name="idea.version" value="2016.2"/>
    <property name="java.version" value="1.8.0_76-release"/>
    <property name="user.dir" value="C:\files\04.study\tomcat\demo2\tomcat-redis-session-manager"/>
    <property name="os.arch" value="x86"/>
    <property name="java.vm.specification.name" value="Java Virtual Machine Specification"/>
    <property name="java.awt.printerjob" value="sun.awt.windows.WPrinterJob"/>
    <property name="sun.os.patch.level" value=""/>
    <property name="java.library.path" value="C:\Program Files (x86)\JetBrains\IntelliJ IDEA 2016.2\jre\jre\bin;C:\WINDOWS\Sun\Java\bin;C:\WINDOWS\system32;C:\WINDOWS;C:\Perl64\site\bin;C:\Perl64\bin;C:\Program Files\NVIDIA GPU Computing Toolkit\CUDA\v9.1\bin;C:\Program Files\NVIDIA GPU Computing Toolkit\CUDA\v9.1\libnvvp;C:\Program Files (x86)\Intel\iCLS Client\;C:\Program Files\Intel\iCLS Client\;C:\Windows\system32;C:\Windows;C:\Windows\System32\Wbem;C:\Windows\System32\WindowsPowerShell\v1.0\;C:\Program Files (x86)\Intel\Intel(R) Management Engine Components\DAL;C:\Program Files\Intel\Intel(R) Management Engine Components\DAL;C:\Program Files (x86)\Intel\Intel(R) Management Engine Components\IPT;C:\Program Files\Intel\Intel(R) Management Engine Components\IPT;C:\Program Files (x86)\NVIDIA Corporation\PhysX\Common;C:\Program Files\TortoiseGit\bin;C:\files\env\jdk1.8.0_73x64\jdk1.8.0_73x64\bin;C:\files\env\jdk1.8.0_73x64\jdk1.8.0_73x64\jre\bin;C:\Program Files (x86)\JetBrains\IntelliJ IDEA 2016.2\plugins\maven\lib\maven3\bin;C:\Program Files\Git\bin;C:\Program Files\Git\cmd;C:\Program Files\MySQL\MySQL Utilities 1.6\;C:\Program Files (x86)\Windows Kits\10\Windows Performance Toolkit\;C:\Program Files (x86)\Skype\Phone\;C:\Program Files\erl9.1\lib\rabbitmq_server-3.6.12\sbin;C:\Python27;C:\Program Files\R\R-3.4.3\bin;C:\Program Files\Microsoft SQL Server\110\Tools\Binn\;C:\Program Files\nodejs\;C:\Program Files (x86)\MSBuild\Microsoft.Cpp\v4.0\v140;C:\Users\92039\AppData\Local\Programs\Python\Python36\Scripts;C:\WINDOWS\system32;C:\WINDOWS;C:\WINDOWS\System32\Wbem;C:\WINDOWS\System32\WindowsPowerShell\v1.0\;C:\files\env\curl-7.59.0-win32-mingw\bin;C:\files\env\gradle-4.6\bin;C:\files\13AI\OpenCV\opencv\build\x64\vc14\bin;C:\files\13AI\人体检测\OpenPose_demo_1.0.1\OpenPose_demo_1.0.1\bin;C:\files\13AI\OpenCV\opencv\build\java\x64;C:\Users\92039\AppData\Local\Android\Sdk\platform-tools;C:\files\env\php\php;C:\files\env\php\php\ext;C:\WINDOWS\system32;C:\WINDOWS;C:\WINDOWS\System32\Wbem;C:\WINDOWS\System32\WindowsPowerShell\v1.0\;C:\WINDOWS\System32\OpenSSH\;C:\files\01.document\04.strom\env\apache-storm-1.2.2\bin;C:\files\env\apache-ant-1.9.13\bin;C:\Perl64\bin;C:\Users\92039\AppData\Local\Programs\Python\Python36\Scripts\;C:\Users\92039\AppData\Local\Programs\Python\Python36\;C:\Users\92039\AppData\Local\Microsoft\WindowsApps;C:\Users\92039\AppData\Local\atom\bin;C:\Users\92039\AppData\Roaming\npm;%USERPROFILE%\AppData\Local\Microsoft\WindowsApps;;."/>
    <property name="java.vm.info" value="mixed mode"/>
    <property name="java.vendor" value="JetBrains s.r.o"/>
    <property name="java.vm.version" value="25.76-b216"/>
    <property name="java.ext.dirs" value="C:\Program Files (x86)\JetBrains\IntelliJ IDEA 2016.2\jre\jre\lib\ext;C:\WINDOWS\Sun\Java\lib\ext"/>
    <property name="sun.io.unicode.encoding" value="UnicodeLittle"/>
    <property name="java.class.version" value="52.0"/>
  </properties>
  <testcase name="shouldAnswerWithTrue" classname="com.orangefunction.tomcat.redissessions.AppTest" time="0.001"/>
</testsuite>